<?xml version="1.0" encoding="UTF-8"?>
<!-- Generated by org.testng.reporters.JUnitXMLReporter -->
<testsuite ignored="0" hostname="DESKTOP-5KTOU1E" failures="1" tests="4" name="Test1" time="0.093" errors="0" timestamp="2023-09-13T10:53:16 IST">
  <testcase classname="Beginner.FB" name="LoginFB" time="0.0">
    <failure type="org.testng.TestNGException" message="
Parameter &amp;apos;browser&amp;apos; is required by @Test on method LoginFB but has not been marked @Optional or defined
in C:\Users\Dell\eclipse-workspace\BegingMaven\Parrallel.xml">
      <![CDATA[org.testng.TestNGException: 
Parameter 'browser' is required by @Test on method LoginFB but has not been marked @Optional or defined
in C:\Users\Dell\eclipse-workspace\BegingMaven\Parrallel.xml
at java.base/java.util.ArrayList.forEach(ArrayList.java:1511)
at java.base/java.util.concurrent.FutureTask.run(FutureTask.java:264)
at java.base/java.util.concurrent.ThreadPoolExecutor.runWorker(ThreadPoolExecutor.java:1136)
at java.base/java.util.concurrent.ThreadPoolExecutor$Worker.run(ThreadPoolExecutor.java:635)
at java.base/java.lang.Thread.run(Thread.java:833)
... Removed 16 stack frames]]>
    </failure>
  </testcase> <!-- LoginFB -->
  <testcase classname="Beginner.FB" name="You" time="0.009"/>
  <testcase classname="Beginner.FB" name="thread" time="0.001"/>
  <testcase classname="Beginner.FB" name="yootoo" time="0.001"/>
</testsuite> <!-- Test1 -->
